{"/Users/gideonabate/Documents/MealPrep/src/App.test.tsx": {"path":"/Users/gideonabate/Documents/MealPrep/src/App.test.tsx","all":false,"statementMap":{"0":{"start":{"line":1,"column":0},"end":{"line":1,"column":50}},"1":{"start":{"line":2,"column":0},"end":{"line":2,"column":52}},"2":{"start":{"line":3,"column":0},"end":{"line":3,"column":24}},"5":{"start":{"line":6,"column":0},"end":{"line":6,"column":36}},"6":{"start":{"line":7,"column":0},"end":{"line":7,"column":34}},"8":{"start":{"line":9,"column":0},"end":{"line":9,"column":17}},"9":{"start":{"line":10,"column":0},"end":{"line":10,"column":26}},"10":{"start":{"line":11,"column":0},"end":{"line":11,"column":25}},"11":{"start":{"line":12,"column":0},"end":{"line":12,"column":3}},"13":{"start":{"line":14,"column":0},"end":{"line":14,"column":16}},"14":{"start":{"line":15,"column":0},"end":{"line":15,"column":32}},"15":{"start":{"line":16,"column":0},"end":{"line":16,"column":30}},"16":{"start":{"line":17,"column":0},"end":{"line":17,"column":3}},"18":{"start":{"line":19,"column":0},"end":{"line":19,"column":23}},"19":{"start":{"line":20,"column":0},"end":{"line":20,"column":40}},"20":{"start":{"line":21,"column":0},"end":{"line":21,"column":20}},"22":{"start":{"line":23,"column":0},"end":{"line":23,"column":49}},"23":{"start":{"line":24,"column":0},"end":{"line":24,"column":49}},"24":{"start":{"line":25,"column":0},"end":{"line":25,"column":7}},"25":{"start":{"line":26,"column":0},"end":{"line":26,"column":40}},"26":{"start":{"line":27,"column":0},"end":{"line":27,"column":5}},"28":{"start":{"line":29,"column":0},"end":{"line":29,"column":46}},"29":{"start":{"line":30,"column":0},"end":{"line":30,"column":20}},"31":{"start":{"line":32,"column":0},"end":{"line":32,"column":39}},"32":{"start":{"line":33,"column":0},"end":{"line":33,"column":59}},"34":{"start":{"line":35,"column":0},"end":{"line":35,"column":37}},"35":{"start":{"line":36,"column":0},"end":{"line":36,"column":38}},"36":{"start":{"line":37,"column":0},"end":{"line":37,"column":5}},"38":{"start":{"line":39,"column":0},"end":{"line":39,"column":49}},"39":{"start":{"line":40,"column":0},"end":{"line":40,"column":20}},"41":{"start":{"line":42,"column":0},"end":{"line":42,"column":52}},"42":{"start":{"line":43,"column":0},"end":{"line":43,"column":30}},"43":{"start":{"line":44,"column":0},"end":{"line":44,"column":7}},"44":{"start":{"line":45,"column":0},"end":{"line":45,"column":44}},"45":{"start":{"line":46,"column":0},"end":{"line":46,"column":5}},"47":{"start":{"line":48,"column":0},"end":{"line":48,"column":46}},"48":{"start":{"line":49,"column":0},"end":{"line":49,"column":20}},"50":{"start":{"line":51,"column":0},"end":{"line":51,"column":57}},"51":{"start":{"line":52,"column":0},"end":{"line":52,"column":27}},"52":{"start":{"line":53,"column":0},"end":{"line":53,"column":7}},"53":{"start":{"line":54,"column":0},"end":{"line":54,"column":49}},"54":{"start":{"line":55,"column":0},"end":{"line":55,"column":5}},"56":{"start":{"line":57,"column":0},"end":{"line":57,"column":37}},"57":{"start":{"line":58,"column":0},"end":{"line":58,"column":20}},"59":{"start":{"line":60,"column":0},"end":{"line":60,"column":59}},"60":{"start":{"line":61,"column":0},"end":{"line":61,"column":35}},"61":{"start":{"line":62,"column":0},"end":{"line":62,"column":7}},"62":{"start":{"line":63,"column":0},"end":{"line":63,"column":56}},"63":{"start":{"line":64,"column":0},"end":{"line":64,"column":31}},"64":{"start":{"line":65,"column":0},"end":{"line":65,"column":7}},"65":{"start":{"line":66,"column":0},"end":{"line":66,"column":51}},"66":{"start":{"line":67,"column":0},"end":{"line":67,"column":28}},"67":{"start":{"line":68,"column":0},"end":{"line":68,"column":7}},"69":{"start":{"line":70,"column":0},"end":{"line":70,"column":50}},"70":{"start":{"line":71,"column":0},"end":{"line":71,"column":47}},"71":{"start":{"line":72,"column":0},"end":{"line":72,"column":42}},"72":{"start":{"line":73,"column":0},"end":{"line":73,"column":5}},"74":{"start":{"line":75,"column":0},"end":{"line":75,"column":78}},"75":{"start":{"line":76,"column":0},"end":{"line":76,"column":20}},"77":{"start":{"line":78,"column":0},"end":{"line":78,"column":52}},"78":{"start":{"line":79,"column":0},"end":{"line":79,"column":30}},"79":{"start":{"line":80,"column":0},"end":{"line":80,"column":7}},"81":{"start":{"line":82,"column":0},"end":{"line":82,"column":34}},"83":{"start":{"line":84,"column":0},"end":{"line":84,"column":46}},"84":{"start":{"line":85,"column":0},"end":{"line":85,"column":36}},"85":{"start":{"line":86,"column":0},"end":{"line":86,"column":7}},"86":{"start":{"line":87,"column":0},"end":{"line":87,"column":38}},"87":{"start":{"line":88,"column":0},"end":{"line":88,"column":5}},"89":{"start":{"line":90,"column":0},"end":{"line":90,"column":75}},"90":{"start":{"line":91,"column":0},"end":{"line":91,"column":20}},"92":{"start":{"line":93,"column":0},"end":{"line":93,"column":57}},"93":{"start":{"line":94,"column":0},"end":{"line":94,"column":27}},"94":{"start":{"line":95,"column":0},"end":{"line":95,"column":7}},"96":{"start":{"line":97,"column":0},"end":{"line":97,"column":39}},"98":{"start":{"line":99,"column":0},"end":{"line":99,"column":46}},"99":{"start":{"line":100,"column":0},"end":{"line":100,"column":36}},"100":{"start":{"line":101,"column":0},"end":{"line":101,"column":7}},"101":{"start":{"line":102,"column":0},"end":{"line":102,"column":38}},"102":{"start":{"line":103,"column":0},"end":{"line":103,"column":5}},"104":{"start":{"line":105,"column":0},"end":{"line":105,"column":70}},"105":{"start":{"line":106,"column":0},"end":{"line":106,"column":20}},"107":{"start":{"line":108,"column":0},"end":{"line":108,"column":52}},"108":{"start":{"line":109,"column":0},"end":{"line":109,"column":30}},"109":{"start":{"line":110,"column":0},"end":{"line":110,"column":7}},"111":{"start":{"line":112,"column":0},"end":{"line":112,"column":34}},"113":{"start":{"line":114,"column":0},"end":{"line":114,"column":46}},"114":{"start":{"line":115,"column":0},"end":{"line":115,"column":36}},"115":{"start":{"line":116,"column":0},"end":{"line":116,"column":7}},"116":{"start":{"line":117,"column":0},"end":{"line":117,"column":38}},"118":{"start":{"line":119,"column":0},"end":{"line":119,"column":52}},"119":{"start":{"line":120,"column":0},"end":{"line":120,"column":21}},"120":{"start":{"line":121,"column":0},"end":{"line":121,"column":7}},"122":{"start":{"line":123,"column":0},"end":{"line":123,"column":34}},"124":{"start":{"line":125,"column":0},"end":{"line":125,"column":42}},"125":{"start":{"line":126,"column":0},"end":{"line":126,"column":5}},"127":{"start":{"line":128,"column":0},"end":{"line":128,"column":73}},"128":{"start":{"line":129,"column":0},"end":{"line":129,"column":20}},"130":{"start":{"line":131,"column":0},"end":{"line":131,"column":52}},"131":{"start":{"line":132,"column":0},"end":{"line":132,"column":30}},"132":{"start":{"line":133,"column":0},"end":{"line":133,"column":7}},"134":{"start":{"line":135,"column":0},"end":{"line":135,"column":34}},"136":{"start":{"line":137,"column":0},"end":{"line":137,"column":46}},"137":{"start":{"line":138,"column":0},"end":{"line":138,"column":36}},"138":{"start":{"line":139,"column":0},"end":{"line":139,"column":7}},"139":{"start":{"line":140,"column":0},"end":{"line":140,"column":38}},"141":{"start":{"line":142,"column":0},"end":{"line":142,"column":55}},"142":{"start":{"line":143,"column":0},"end":{"line":143,"column":24}},"143":{"start":{"line":144,"column":0},"end":{"line":144,"column":7}},"145":{"start":{"line":146,"column":0},"end":{"line":146,"column":37}},"147":{"start":{"line":148,"column":0},"end":{"line":148,"column":42}},"148":{"start":{"line":149,"column":0},"end":{"line":149,"column":5}},"150":{"start":{"line":151,"column":0},"end":{"line":151,"column":51}},"151":{"start":{"line":152,"column":0},"end":{"line":152,"column":20}},"153":{"start":{"line":154,"column":0},"end":{"line":154,"column":42}},"154":{"start":{"line":155,"column":0},"end":{"line":155,"column":46}},"156":{"start":{"line":157,"column":0},"end":{"line":157,"column":37}},"157":{"start":{"line":158,"column":0},"end":{"line":158,"column":39}},"158":{"start":{"line":159,"column":0},"end":{"line":159,"column":5}},"160":{"start":{"line":161,"column":0},"end":{"line":161,"column":51}},"161":{"start":{"line":162,"column":0},"end":{"line":162,"column":20}},"163":{"start":{"line":164,"column":0},"end":{"line":164,"column":56}},"164":{"start":{"line":165,"column":0},"end":{"line":165,"column":56}},"166":{"start":{"line":167,"column":0},"end":{"line":167,"column":46}},"167":{"start":{"line":168,"column":0},"end":{"line":168,"column":74}},"168":{"start":{"line":169,"column":0},"end":{"line":169,"column":5}},"169":{"start":{"line":170,"column":0},"end":{"line":170,"column":3}}},"s":{"0":1,"1":1,"2":1,"5":1,"6":1,"8":1,"9":1,"10":1,"11":1,"13":1,"14":1,"15":1,"16":1,"18":1,"19":1,"20":1,"22":1,"23":1,"24":1,"25":1,"26":1,"28":1,"29":1,"31":1,"32":1,"34":1,"35":1,"36":1,"38":1,"39":1,"41":1,"42":1,"43":1,"44":1,"45":1,"47":1,"48":1,"50":1,"51":1,"52":1,"53":1,"54":1,"56":1,"57":1,"59":1,"60":1,"61":1,"62":1,"63":1,"64":1,"65":1,"66":1,"67":1,"69":1,"70":1,"71":1,"72":1,"74":1,"75":1,"77":1,"78":1,"79":1,"81":1,"83":1,"84":1,"85":1,"86":1,"87":1,"89":1,"90":1,"92":1,"93":1,"94":1,"96":1,"98":1,"99":1,"100":1,"101":1,"102":1,"104":1,"105":1,"107":1,"108":1,"109":1,"111":1,"113":1,"114":1,"115":1,"116":1,"118":1,"119":1,"120":1,"122":1,"124":1,"125":1,"127":1,"128":1,"130":1,"131":1,"132":1,"134":1,"136":1,"137":1,"138":1,"139":1,"141":1,"142":1,"143":1,"145":1,"147":1,"148":1,"150":1,"151":1,"153":1,"154":1,"156":1,"157":1,"158":1,"160":1,"161":1,"163":1,"164":1,"166":1,"167":1,"168":1,"169":1},"branchMap":{"0":{"type":"branch","line":9,"loc":{"start":{"line":9,"column":10},"end":{"line":12,"column":3}},"locations":[{"start":{"line":9,"column":10},"end":{"line":12,"column":3}}]},"1":{"type":"branch","line":14,"loc":{"start":{"line":14,"column":9},"end":{"line":17,"column":3}},"locations":[{"start":{"line":14,"column":9},"end":{"line":17,"column":3}}]},"2":{"type":"branch","line":19,"loc":{"start":{"line":19,"column":16},"end":{"line":170,"column":3}},"locations":[{"start":{"line":19,"column":16},"end":{"line":170,"column":3}}]},"3":{"type":"branch","line":20,"loc":{"start":{"line":20,"column":33},"end":{"line":27,"column":3}},"locations":[{"start":{"line":20,"column":33},"end":{"line":27,"column":3}}]},"4":{"type":"branch","line":29,"loc":{"start":{"line":29,"column":39},"end":{"line":37,"column":3}},"locations":[{"start":{"line":29,"column":39},"end":{"line":37,"column":3}}]},"5":{"type":"branch","line":39,"loc":{"start":{"line":39,"column":42},"end":{"line":46,"column":3}},"locations":[{"start":{"line":39,"column":42},"end":{"line":46,"column":3}}]},"6":{"type":"branch","line":48,"loc":{"start":{"line":48,"column":39},"end":{"line":55,"column":3}},"locations":[{"start":{"line":48,"column":39},"end":{"line":55,"column":3}}]},"7":{"type":"branch","line":57,"loc":{"start":{"line":57,"column":30},"end":{"line":73,"column":3}},"locations":[{"start":{"line":57,"column":30},"end":{"line":73,"column":3}}]},"8":{"type":"branch","line":75,"loc":{"start":{"line":75,"column":65},"end":{"line":88,"column":3}},"locations":[{"start":{"line":75,"column":65},"end":{"line":88,"column":3}}]},"9":{"type":"branch","line":90,"loc":{"start":{"line":90,"column":62},"end":{"line":103,"column":3}},"locations":[{"start":{"line":90,"column":62},"end":{"line":103,"column":3}}]},"10":{"type":"branch","line":105,"loc":{"start":{"line":105,"column":57},"end":{"line":126,"column":3}},"locations":[{"start":{"line":105,"column":57},"end":{"line":126,"column":3}}]},"11":{"type":"branch","line":128,"loc":{"start":{"line":128,"column":60},"end":{"line":149,"column":3}},"locations":[{"start":{"line":128,"column":60},"end":{"line":149,"column":3}}]},"12":{"type":"branch","line":151,"loc":{"start":{"line":151,"column":44},"end":{"line":159,"column":3}},"locations":[{"start":{"line":151,"column":44},"end":{"line":159,"column":3}}]},"13":{"type":"branch","line":161,"loc":{"start":{"line":161,"column":44},"end":{"line":169,"column":3}},"locations":[{"start":{"line":161,"column":44},"end":{"line":169,"column":3}}]}},"b":{"0":[1],"1":[1],"2":[1],"3":[1],"4":[1],"5":[1],"6":[1],"7":[1],"8":[1],"9":[1],"10":[1],"11":[1],"12":[1],"13":[1]},"fnMap":{},"f":{}}
,"/Users/gideonabate/Documents/MealPrep/src/App.tsx": {"path":"/Users/gideonabate/Documents/MealPrep/src/App.tsx","all":false,"statementMap":{"0":{"start":{"line":1,"column":0},"end":{"line":1,"column":33}},"2":{"start":{"line":3,"column":0},"end":{"line":3,"column":16}},"3":{"start":{"line":4,"column":0},"end":{"line":4,"column":58}},"5":{"start":{"line":6,"column":0},"end":{"line":6,"column":10}},"6":{"start":{"line":7,"column":0},"end":{"line":7,"column":43}},"8":{"start":{"line":9,"column":0},"end":{"line":9,"column":107}},"9":{"start":{"line":10,"column":0},"end":{"line":10,"column":39}},"10":{"start":{"line":11,"column":0},"end":{"line":11,"column":66}},"11":{"start":{"line":12,"column":0},"end":{"line":12,"column":57}},"12":{"start":{"line":13,"column":0},"end":{"line":13,"column":113}},"13":{"start":{"line":14,"column":0},"end":{"line":14,"column":71}},"14":{"start":{"line":15,"column":0},"end":{"line":15,"column":20}},"15":{"start":{"line":16,"column":0},"end":{"line":16,"column":70}},"17":{"start":{"line":18,"column":0},"end":{"line":18,"column":19}},"18":{"start":{"line":19,"column":0},"end":{"line":19,"column":18}},"19":{"start":{"line":20,"column":0},"end":{"line":20,"column":19}},"20":{"start":{"line":21,"column":0},"end":{"line":21,"column":51}},"21":{"start":{"line":22,"column":0},"end":{"line":22,"column":64}},"22":{"start":{"line":23,"column":0},"end":{"line":23,"column":13}},"24":{"start":{"line":25,"column":0},"end":{"line":25,"column":21}},"25":{"start":{"line":26,"column":0},"end":{"line":26,"column":16}},"26":{"start":{"line":27,"column":0},"end":{"line":27,"column":14}},"27":{"start":{"line":28,"column":0},"end":{"line":28,"column":15}},"30":{"start":{"line":31,"column":0},"end":{"line":31,"column":54}},"31":{"start":{"line":32,"column":0},"end":{"line":32,"column":43}},"33":{"start":{"line":34,"column":0},"end":{"line":34,"column":61}},"34":{"start":{"line":35,"column":0},"end":{"line":35,"column":96}},"36":{"start":{"line":37,"column":0},"end":{"line":37,"column":17}},"37":{"start":{"line":38,"column":0},"end":{"line":38,"column":102}},"40":{"start":{"line":41,"column":0},"end":{"line":41,"column":16}},"41":{"start":{"line":42,"column":0},"end":{"line":42,"column":19}},"42":{"start":{"line":43,"column":0},"end":{"line":43,"column":51}},"43":{"start":{"line":44,"column":0},"end":{"line":44,"column":62}},"44":{"start":{"line":45,"column":0},"end":{"line":45,"column":13}},"46":{"start":{"line":47,"column":0},"end":{"line":47,"column":21}},"47":{"start":{"line":48,"column":0},"end":{"line":48,"column":16}},"50":{"start":{"line":51,"column":0},"end":{"line":51,"column":60}},"51":{"start":{"line":52,"column":0},"end":{"line":52,"column":76}},"52":{"start":{"line":53,"column":0},"end":{"line":53,"column":41}},"53":{"start":{"line":54,"column":0},"end":{"line":54,"column":172}},"54":{"start":{"line":55,"column":0},"end":{"line":55,"column":72}},"55":{"start":{"line":56,"column":0},"end":{"line":56,"column":22}},"56":{"start":{"line":57,"column":0},"end":{"line":57,"column":76}},"58":{"start":{"line":59,"column":0},"end":{"line":59,"column":21}},"59":{"start":{"line":60,"column":0},"end":{"line":60,"column":61}},"62":{"start":{"line":63,"column":0},"end":{"line":63,"column":20}},"63":{"start":{"line":64,"column":0},"end":{"line":64,"column":20}},"64":{"start":{"line":65,"column":0},"end":{"line":65,"column":18}},"66":{"start":{"line":67,"column":0},"end":{"line":67,"column":111}},"67":{"start":{"line":68,"column":0},"end":{"line":68,"column":41}},"68":{"start":{"line":69,"column":0},"end":{"line":69,"column":169}},"69":{"start":{"line":70,"column":0},"end":{"line":70,"column":68}},"70":{"start":{"line":71,"column":0},"end":{"line":71,"column":22}},"71":{"start":{"line":72,"column":0},"end":{"line":72,"column":73}},"73":{"start":{"line":74,"column":0},"end":{"line":74,"column":21}},"74":{"start":{"line":75,"column":0},"end":{"line":75,"column":61}},"77":{"start":{"line":78,"column":0},"end":{"line":78,"column":20}},"78":{"start":{"line":79,"column":0},"end":{"line":79,"column":20}},"79":{"start":{"line":80,"column":0},"end":{"line":80,"column":18}},"81":{"start":{"line":82,"column":0},"end":{"line":82,"column":111}},"82":{"start":{"line":83,"column":0},"end":{"line":83,"column":41}},"83":{"start":{"line":84,"column":0},"end":{"line":84,"column":171}},"84":{"start":{"line":85,"column":0},"end":{"line":85,"column":69}},"85":{"start":{"line":86,"column":0},"end":{"line":86,"column":22}},"86":{"start":{"line":87,"column":0},"end":{"line":87,"column":75}},"88":{"start":{"line":89,"column":0},"end":{"line":89,"column":21}},"89":{"start":{"line":90,"column":0},"end":{"line":90,"column":61}},"92":{"start":{"line":93,"column":0},"end":{"line":93,"column":20}},"93":{"start":{"line":94,"column":0},"end":{"line":94,"column":20}},"94":{"start":{"line":95,"column":0},"end":{"line":95,"column":18}},"95":{"start":{"line":96,"column":0},"end":{"line":96,"column":16}},"98":{"start":{"line":99,"column":0},"end":{"line":99,"column":120}},"99":{"start":{"line":100,"column":0},"end":{"line":100,"column":51}},"100":{"start":{"line":101,"column":0},"end":{"line":101,"column":75}},"102":{"start":{"line":103,"column":0},"end":{"line":103,"column":19}},"103":{"start":{"line":104,"column":0},"end":{"line":104,"column":90}},"106":{"start":{"line":107,"column":0},"end":{"line":107,"column":18}},"107":{"start":{"line":108,"column":0},"end":{"line":108,"column":21}},"108":{"start":{"line":109,"column":0},"end":{"line":109,"column":53}},"109":{"start":{"line":110,"column":0},"end":{"line":110,"column":68}},"110":{"start":{"line":111,"column":0},"end":{"line":111,"column":15}},"112":{"start":{"line":113,"column":0},"end":{"line":113,"column":23}},"113":{"start":{"line":114,"column":0},"end":{"line":114,"column":18}},"114":{"start":{"line":115,"column":0},"end":{"line":115,"column":16}},"115":{"start":{"line":116,"column":0},"end":{"line":116,"column":14}},"116":{"start":{"line":117,"column":0},"end":{"line":117,"column":13}},"119":{"start":{"line":120,"column":0},"end":{"line":120,"column":24}},"120":{"start":{"line":121,"column":0},"end":{"line":121,"column":126}},"121":{"start":{"line":122,"column":0},"end":{"line":122,"column":14}},"122":{"start":{"line":123,"column":0},"end":{"line":123,"column":69}},"123":{"start":{"line":124,"column":0},"end":{"line":124,"column":25}},"124":{"start":{"line":125,"column":0},"end":{"line":125,"column":42}},"125":{"start":{"line":126,"column":0},"end":{"line":126,"column":49}},"127":{"start":{"line":128,"column":0},"end":{"line":128,"column":41}},"128":{"start":{"line":129,"column":0},"end":{"line":129,"column":17}},"129":{"start":{"line":130,"column":0},"end":{"line":130,"column":33}},"130":{"start":{"line":131,"column":0},"end":{"line":131,"column":67}},"131":{"start":{"line":132,"column":0},"end":{"line":132,"column":15}},"133":{"start":{"line":134,"column":0},"end":{"line":134,"column":19}},"134":{"start":{"line":135,"column":0},"end":{"line":135,"column":18}},"135":{"start":{"line":136,"column":0},"end":{"line":136,"column":39}},"136":{"start":{"line":137,"column":0},"end":{"line":137,"column":16}},"137":{"start":{"line":138,"column":0},"end":{"line":138,"column":39}},"138":{"start":{"line":139,"column":0},"end":{"line":139,"column":70}},"139":{"start":{"line":140,"column":0},"end":{"line":140,"column":15}},"143":{"start":{"line":144,"column":0},"end":{"line":144,"column":18}},"144":{"start":{"line":145,"column":0},"end":{"line":145,"column":46}},"145":{"start":{"line":146,"column":0},"end":{"line":146,"column":23}},"146":{"start":{"line":147,"column":0},"end":{"line":147,"column":56}},"147":{"start":{"line":148,"column":0},"end":{"line":148,"column":54}},"148":{"start":{"line":149,"column":0},"end":{"line":149,"column":17}},"150":{"start":{"line":151,"column":0},"end":{"line":151,"column":25}},"151":{"start":{"line":152,"column":0},"end":{"line":152,"column":23}},"152":{"start":{"line":153,"column":0},"end":{"line":153,"column":56}},"153":{"start":{"line":154,"column":0},"end":{"line":154,"column":52}},"154":{"start":{"line":155,"column":0},"end":{"line":155,"column":17}},"156":{"start":{"line":157,"column":0},"end":{"line":157,"column":25}},"157":{"start":{"line":158,"column":0},"end":{"line":158,"column":20}},"158":{"start":{"line":159,"column":0},"end":{"line":159,"column":18}},"159":{"start":{"line":160,"column":0},"end":{"line":160,"column":16}},"160":{"start":{"line":161,"column":0},"end":{"line":161,"column":14}},"162":{"start":{"line":163,"column":0},"end":{"line":163,"column":10}},"164":{"start":{"line":165,"column":0},"end":{"line":165,"column":1}},"166":{"start":{"line":167,"column":0},"end":{"line":167,"column":19}}},"s":{"0":1,"2":17,"3":17,"5":17,"6":17,"8":17,"9":17,"10":17,"11":17,"12":17,"13":17,"14":17,"15":17,"17":17,"18":17,"19":17,"20":17,"21":17,"22":17,"24":17,"25":17,"26":17,"27":17,"30":17,"31":17,"33":17,"34":17,"36":17,"37":17,"40":17,"41":17,"42":17,"43":17,"44":17,"46":17,"47":17,"50":17,"51":17,"52":17,"53":17,"54":17,"55":17,"56":17,"58":17,"59":17,"62":17,"63":17,"64":17,"66":17,"67":17,"68":17,"69":17,"70":17,"71":17,"73":17,"74":17,"77":17,"78":17,"79":17,"81":17,"82":17,"83":17,"84":17,"85":17,"86":17,"88":17,"89":17,"92":17,"93":17,"94":17,"95":17,"98":17,"99":17,"100":17,"102":17,"103":17,"106":17,"107":17,"108":17,"109":17,"110":17,"112":17,"113":17,"114":17,"115":17,"116":17,"119":17,"120":4,"121":4,"122":4,"123":4,"124":4,"125":4,"127":4,"128":4,"129":4,"130":4,"131":4,"133":4,"134":4,"135":4,"136":4,"137":4,"138":4,"139":4,"143":4,"144":4,"145":4,"146":4,"147":4,"148":4,"150":4,"151":4,"152":4,"153":4,"154":4,"156":4,"157":4,"158":4,"159":4,"160":4,"162":17,"164":17,"166":1},"branchMap":{"0":{"type":"branch","line":3,"loc":{"start":{"line":3,"column":0},"end":{"line":165,"column":1}},"locations":[{"start":{"line":3,"column":0},"end":{"line":165,"column":1}}]},"1":{"type":"branch","line":120,"loc":{"start":{"line":120,"column":7},"end":{"line":161,"column":14}},"locations":[{"start":{"line":120,"column":7},"end":{"line":161,"column":14}}]},"2":{"type":"branch","line":21,"loc":{"start":{"line":21,"column":23},"end":{"line":21,"column":51}},"locations":[{"start":{"line":21,"column":23},"end":{"line":21,"column":51}}]},"3":{"type":"branch","line":43,"loc":{"start":{"line":43,"column":23},"end":{"line":43,"column":51}},"locations":[{"start":{"line":43,"column":23},"end":{"line":43,"column":51}}]},"4":{"type":"branch","line":147,"loc":{"start":{"line":147,"column":27},"end":{"line":147,"column":56}},"locations":[{"start":{"line":147,"column":27},"end":{"line":147,"column":56}}]},"5":{"type":"branch","line":153,"loc":{"start":{"line":153,"column":27},"end":{"line":153,"column":56}},"locations":[{"start":{"line":153,"column":27},"end":{"line":153,"column":56}}]}},"b":{"0":[17],"1":[4],"2":[3],"3":[1],"4":[1],"5":[1]},"fnMap":{"0":{"name":"App","decl":{"start":{"line":3,"column":0},"end":{"line":165,"column":1}},"loc":{"start":{"line":3,"column":0},"end":{"line":165,"column":1}},"line":3},"1":{"name":"onClick","decl":{"start":{"line":21,"column":23},"end":{"line":21,"column":51}},"loc":{"start":{"line":21,"column":23},"end":{"line":21,"column":51}},"line":21},"2":{"name":"onClick","decl":{"start":{"line":43,"column":23},"end":{"line":43,"column":51}},"loc":{"start":{"line":43,"column":23},"end":{"line":43,"column":51}},"line":43},"3":{"name":"onClick","decl":{"start":{"line":109,"column":25},"end":{"line":109,"column":53}},"loc":{"start":{"line":109,"column":25},"end":{"line":109,"column":53}},"line":109},"4":{"name":"onClick","decl":{"start":{"line":147,"column":27},"end":{"line":147,"column":56}},"loc":{"start":{"line":147,"column":27},"end":{"line":147,"column":56}},"line":147},"5":{"name":"onClick","decl":{"start":{"line":153,"column":27},"end":{"line":153,"column":56}},"loc":{"start":{"line":153,"column":27},"end":{"line":153,"column":56}},"line":153}},"f":{"0":17,"1":3,"2":1,"3":0,"4":1,"5":1}}
,"/Users/gideonabate/Documents/MealPrep/src/main.test.tsx": {"path":"/Users/gideonabate/Documents/MealPrep/src/main.test.tsx","all":false,"statementMap":{"0":{"start":{"line":1,"column":0},"end":{"line":1,"column":62}},"18":{"start":{"line":19,"column":0},"end":{"line":19,"column":28}},"19":{"start":{"line":20,"column":0},"end":{"line":20,"column":20}},"21":{"start":{"line":22,"column":0},"end":{"line":22,"column":33}},"24":{"start":{"line":25,"column":0},"end":{"line":25,"column":54}},"25":{"start":{"line":26,"column":0},"end":{"line":26,"column":28}},"26":{"start":{"line":27,"column":0},"end":{"line":27,"column":43}},"27":{"start":{"line":28,"column":0},"end":{"line":28,"column":5}},"29":{"start":{"line":30,"column":0},"end":{"line":30,"column":47}},"31":{"start":{"line":32,"column":0},"end":{"line":32,"column":27}},"33":{"start":{"line":34,"column":0},"end":{"line":34,"column":44}},"34":{"start":{"line":35,"column":0},"end":{"line":35,"column":31}},"35":{"start":{"line":36,"column":0},"end":{"line":36,"column":19}},"36":{"start":{"line":37,"column":0},"end":{"line":37,"column":8}},"37":{"start":{"line":38,"column":0},"end":{"line":38,"column":6}},"38":{"start":{"line":39,"column":0},"end":{"line":39,"column":5}},"40":{"start":{"line":41,"column":0},"end":{"line":41,"column":42}},"42":{"start":{"line":43,"column":0},"end":{"line":43,"column":58}},"43":{"start":{"line":44,"column":0},"end":{"line":44,"column":5}},"44":{"start":{"line":45,"column":0},"end":{"line":45,"column":3}}},"s":{"0":1,"18":1,"19":1,"21":2,"24":2,"25":2,"26":2,"27":1,"29":1,"31":1,"33":1,"34":1,"35":1,"36":1,"37":1,"38":1,"40":1,"42":1,"43":1,"44":1},"branchMap":{"0":{"type":"branch","line":19,"loc":{"start":{"line":19,"column":21},"end":{"line":45,"column":3}},"locations":[{"start":{"line":19,"column":21},"end":{"line":45,"column":3}}]},"1":{"type":"branch","line":20,"loc":{"start":{"line":20,"column":13},"end":{"line":28,"column":3}},"locations":[{"start":{"line":20,"column":13},"end":{"line":28,"column":3}}]},"2":{"type":"branch","line":30,"loc":{"start":{"line":30,"column":34},"end":{"line":39,"column":3}},"locations":[{"start":{"line":30,"column":34},"end":{"line":39,"column":3}}]},"3":{"type":"branch","line":41,"loc":{"start":{"line":41,"column":29},"end":{"line":44,"column":3}},"locations":[{"start":{"line":41,"column":29},"end":{"line":44,"column":3}}]}},"b":{"0":[1],"1":[2],"2":[1],"3":[1]},"fnMap":{},"f":{}}
,"/Users/gideonabate/Documents/MealPrep/src/main.tsx": {"path":"/Users/gideonabate/Documents/MealPrep/src/main.tsx","all":false,"statementMap":{"0":{"start":{"line":1,"column":0},"end":{"line":1,"column":35}},"1":{"start":{"line":2,"column":0},"end":{"line":2,"column":46}},"2":{"start":{"line":3,"column":0},"end":{"line":3,"column":21}},"3":{"start":{"line":4,"column":0},"end":{"line":4,"column":28}},"5":{"start":{"line":6,"column":0},"end":{"line":6,"column":52}},"6":{"start":{"line":7,"column":0},"end":{"line":7,"column":19}},"7":{"start":{"line":8,"column":0},"end":{"line":8,"column":44}},"8":{"start":{"line":9,"column":0},"end":{"line":9,"column":1}},"10":{"start":{"line":11,"column":0},"end":{"line":11,"column":31}},"11":{"start":{"line":12,"column":0},"end":{"line":12,"column":14}},"12":{"start":{"line":13,"column":0},"end":{"line":13,"column":11}},"13":{"start":{"line":14,"column":0},"end":{"line":14,"column":15}},"14":{"start":{"line":15,"column":0},"end":{"line":15,"column":2}}},"s":{"0":1,"1":1,"2":1,"3":1,"5":1,"6":1,"7":0,"8":0,"10":1,"11":1,"12":1,"13":1,"14":1},"branchMap":{"0":{"type":"branch","line":7,"loc":{"start":{"line":7,"column":18},"end":{"line":9,"column":1}},"locations":[{"start":{"line":7,"column":18},"end":{"line":9,"column":1}}]}},"b":{"0":[0]},"fnMap":{},"f":{}}
}
